All scripts:
  4adbb93f81434052bb3175583b616301: [pshaiBot] ADX KC STOCH Scalper
  c8f6e6745b3d48e8af12a38fe60410ec: [pshaiBot] Bot Blueprint (ALPHA TEST)
  3d115cc5fdc64092a4e244c013bf69c1: [pshaiBot] SuperTrend Stoch-RSI bot (using Bot Framework v2)
  1bcaff42eab5456253015c4f57bb8072: ACO Indicator
  7dda6a1e59594d4588b62619a848a6ae: ADX BB STOCH Scalper
  dec2e311e0dabedcbb569b9ead48cd1a: BBands StopLoss
  c5145ec90a6920c0dd95bf95852370e8: Continuous Signal
  f6e0dfc58e640d039feba897bf92729b: CryptoIndexSlot
  51319cf1e2738b33bb4f35661612cfa4: Donchian Channel   MACD
  b5f442a7fe6dd9f33f8b64cabda18a5e: Donchian Channel   RSI
  40262f3d348b18d874023ed5752302ec: EasyAdaptiveRSI
  0314b07e1dd4f97c131261b0e2efaca4: EasyForceIndex
  d483be41a324ed7357b69f75b747228d: EasyHullMA
  18828e38624c221c3f3a6868eddf9efe: EasyMassIndex
  46b888ddcf7d37b0a5fbbcb2bc839833: EasyMVO
  e4355da441d6ab0f1d75ae1c2ed039f7: EasySmoothRSI
  92d59756048db55e1dd5b624f4c27a7e: EasySTC
  16ec6192416d9b8945983e240b61a8c4: EasyTD (Tom Demark Sequential)
  4318c2d65fb010e957b82b002eaaae40: EasyTrendMA
  a7f9acd6f7e8f519a0eb6f162a0d0f90: EasyTSI
  18a8bda94394f9ce6636794cb85b4329: EasyVolumeRSI
  f7481e261ca64ecb9c5bd8934791bdb5: EMDIbot 0.1.3 cross
  865fa3ff6d254b97828f8e7a9de9f3ec: Enhanced RSI bot (futures)
  3d682929bc0c4f9a84fbd657e437ffff: Enhanced RSI bot (spot)
  450e114188df4a668f8862f1649e853f: Example: Producing text messages
  c06bd2eaed0b4f019ddf138a369e1ae3: Example: Remote bot (leverage, managed)
  60aa98b563484e6388887f072fcfd2df: Example: Remote signal (spot, managed)
  6585bb0c06fe41259a4393c1e25ea68b: Example: Signal production
  1227e950bfbb538487203b9ec349396f: Flash Crash Slot
  4dbb99cd56214a1ca850a598042f7456: FormatRoundedQuoteCurrency
  413e20c264f2ab85af412050a7a8ce53: Haasonline - Advanced Order
  089defd45fc6f98a4efc233a58cce5f7: Haasonline Original - Accumulation Bot
  f9d08fda66924ff6bc7b3e679d699a2a: Haasonline Original - Advanced Index Bot
  9ed2b83ef9bea0e5e2acdc9fa8e3e4b7: Haasonline Original - Crypto Index Bot
  ef8f16dcb428836c691985c41f88927b: Haasonline Original - Flash Crash Bot
  5ce06f1eb6f3d21c8c1331d45451937e: Haasonline Original - Intelli Alice Bot
  f96d948f37d657025ae3975d80150e18: Haasonline Original - Inter Exchange Arbitrage Bot
  060ce0a525f04a4084fb82a86e213c46: Haasonline Original - MadHatter Bot
  8b14a78bfa90b14b40aeccbddebeda13: Haasonline Original - Market Making Bot
  b0daa8c3759540198af0313f544f567d: Haasonline Original - Order Bot
  9b45c58ff9256c1e411828fab1082b79: Haasonline Original - Ping Pong Bot 
  77d7585510cae1d6715da3af01ed403c: Haasonline Original - Scalper Bot
  00d193afe5776814309a17a8a17a632e: Haasonline Original - Zone Recovery Bot
  085170a211213941ad53cd5646075691: Haasonline Original - Zone Recovery Bot (full hedge)
  b9a91095b35e4ba0a626a88366c780ca: HMA
  f6d75fa59fd52eb6849395b2953d03d0: HullMA
  625278b219d05140e8f07eff23869e8f: Lazy Bear - 4MACD
  d34dd289850812ddeec4feac78a246cc: Lazy Bear - Colored Volume Bars
  cddc529596a4315100d387c4d9f56392: Lazy Bear - Ehlers MESA Adaptive Moving Average
  49532b2a96bf42fa8c938b1bb4d522bb: Lazy Bear - Elliot Wave Oscillator
  914008384a45e3feab00bebae383d351: Lazy Bear - EMAEnvelope
  ddce181b75aa3e388451fc065b7371dc: Lazy Bear - Positive / Negative Volume Ind
  802ff9634778be82255301b934d103f7: Lazy Bear - Premier RSI Oscillator
  d840bbc48dbb59b8660e96795dab8797: Lazy Bear - RSI/MFI enclosed by BBands
  e80f2247aef27f8d5a7b6a9c689811ad: Lazy Bear - Scalper Channel
  6736895489fbb56189be386c233baa40: Lazy Bear - Squeeze Momentum Indicator
  54c2d2fbf25d4affd8f554b4aaa50755: Lazy Bear - Tushar Chande's QStick
  b1713a8f92c74d7cf3f010091bdf6aaa: Lazy Bear - Volume ROC
  81f9740cc9249946efae7333ff42ff3c: Lazy Bear - Wilson Relative Price Channel
  076c0c6ab72c11c1975318010d9b9500: MadHatter BBands
  340d67238cf65d0104499c94634f1b34: MadHatter MACD
  e2d99400c8781415760cfae652277cd3: MadHatter RSI
  f3626a49f6d3da9c5f3cb675242973f3: Market Making Slot
  b5bbf1e5b000e9cb2cfc5f4afa4d5671: Market Volume Oscillator
  b90cba489818331feebbfdb7d5851bda: MVO
  52b36933aeee9f82a647489d33e5afb3: ProfitTrailer
  28eb727366084af6a17f93ba92f4747c: ReportMaxRiskPoint
  0ca423fe5b00455eaaa9f50cff058e91: RSI Ssa v10
  12b0ddff385ab243189e11f7194654d2: Simple Delayed RSI Bot
  3e08e5c57360cb6060967ddb9e2620d1: Simple Double Interval RSI Bot
  d02e4208f2c0872fe35d1215452c8ac4: Simple EMA-In RSI-Out
  4181e2d501035d40af8234ba4f4ca423: Simple EMA-Price Bot
  91413037a2a34a86957508a34c96ce48: Simple Grid Bot (FUTURES)
  687837d7b87e4ca1aea494f3cc24d588: Simple Grid Bot (SPOT)
  63a9759465fa037ebd6d4767e00f8e37: Simple HullMA Bot
  8ee798419347407c627c619171b3a6e4: Simple Kairi Relative Index Bot
  52f6f2a18ec84603b718c1a765d5b31e: Simple Market Maker (LEVERAGE)
  d6a2b1e1c6c3411f9d271f40ad16826c: Simple Market Maker (SPOT MODE)
  59a04f95f9dca1b7aa051d489dee02f5: Simple RSI ROC CMO Bot
  49b5417b9d3e54e698e74280f6c16bd8: Simple Trend MA Chart
  d46ba0fcc3b65eef822fa31b5470c5fd: Simple Triple MA Bot
  81a9270741c1045bc9c6091c5443c328: Simple VolumeRSI Bot
  7baa4ca0e2820d2e453c591b853fdafb: Simple Zero-lag EMA Bot
  b24357a36d3045a79d45e5cc942f8957: SMHMB
  22dd22b7bb93438b860422ba38775e8d: SMIbot_0.6.2-orig
  3d897d3861384aec91a9514007c33c77: smibot_0.6.3_slope - orig.
  3b20c600bb87499ca0f5c96316481ad5: SMMD v2.51
  749ee7ccf4a6428d84c15477488ff6dc: SMMDH v3.3
  bcb7de0ce00c42f497cb04ca963ef524: Smoky MK 4.2.1
  3b09b2ded8f448d6b8c91457fbf277e2: Spot-SMMDv2
  1c5db1fe83319d2f842c1a6d2e5135da: STC
  7a3e517f265b4a0ead1cb2cb48a6f71b: STMP
  c211d8099d224d34b28efff277019b96: TestScriptEdited
  d5c3f92c0b3349768fe593e7b39758c9: TestScriptEdited
  bac0964a4947401a9aaf865849ef7326: Triangle Arbitrage Bot
  3fd8bff29c3347ffa72576ede717a13e: YATS bot
  c552f5f597af416d96e61c556b943016: YOLO div
  705c8d0d6692429c92ebe7ded0be8f0a: Zone Recovery Bot Hedge SMOD
Script created: 68393dd818494b7dbbe01b5975710847
Script details: dependencies=[] user_id='02f3cd9afebb46bf9d4c9b6ef5e6e823' script_id='68393dd818494b7dbbe01b5975710847' script_name='TestScript' script_description='Test' script_type=0 script_status=0 command_name='' is_command=False is_valid=False created_unix=1753074728 updated_unix=1753074728 folder_id=-1
Edit script error: edit_script() got an unexpected keyword argument 'name'
Script moved to folder 302: True
Script deleted: 68393dd818494b7dbbe01b5975710847
